<?xml version="1.0" encoding="UTF-8"?>
<!-- Generated by org.testng.reporters.JUnitXMLReporter -->
<testsuite hostname="BLRWX10323" ignored="0" name="Home" tests="3" failures="3" timestamp="11 Nov 2019 11:09:07 GMT" time="30.247" errors="0">
  <testcase name="TestToVerifyAllElementsInHomePage" time="7.201" classname="com.io.ims.PEPWeb.TestHomePage">
    <failure type="java.lang.AssertionError" message="SignIn button in home page is not displaying expected [true] but found [false]">
      <![CDATA[java.lang.AssertionError: SignIn button in home page is not displaying expected [true] but found [false]
at com.io.ims.Pages.HomePage.verifyAllElementsInHomePage(HomePage.java:818)
at com.io.ims.PEPWeb.TestHomePage.TestToVerifyAllElementsInHomePage(TestHomePage.java:18)
at java.util.concurrent.FutureTask.run(Unknown Source)
at java.util.concurrent.ThreadPoolExecutor.runWorker(Unknown Source)
at java.util.concurrent.ThreadPoolExecutor$Worker.run(Unknown Source)
at java.lang.Thread.run(Unknown Source)
... Removed 19 stack frames]]>
    </failure>
  </testcase> <!-- TestToVerifyAllElementsInHomePage -->
  <testcase name="TestToVerifyAllLinksInHomePage" time="16.307" classname="com.io.ims.PEPWeb.TestHomePage">
    <failure type="java.lang.AssertionError" message="&amp;apos;Sign In&amp;apos; button is not displaying in the home page expected [true] but found [false]">
      <![CDATA[java.lang.AssertionError: 'Sign In' button is not displaying in the home page expected [true] but found [false]
at com.io.ims.Pages.LoginPage.clickOnLoginButtonInHomePage(LoginPage.java:164)
at com.io.ims.Pages.HomePage.verifyAllLinksInHomePage(HomePage.java:808)
at com.io.ims.PEPWeb.TestHomePage.TestToVerifyAllLinksInHomePage(TestHomePage.java:26)
at java.util.concurrent.FutureTask.run(Unknown Source)
at java.util.concurrent.ThreadPoolExecutor.runWorker(Unknown Source)
at java.util.concurrent.ThreadPoolExecutor$Worker.run(Unknown Source)
at java.lang.Thread.run(Unknown Source)
... Removed 19 stack frames]]>
    </failure>
  </testcase> <!-- TestToVerifyAllLinksInHomePage -->
  <testcase name="TestToVerifyGlobalSearchFunctionalityOfCareCoach" time="5.204" classname="com.io.ims.PEPWeb.TestHomePage">
    <failure type="java.lang.AssertionError" message="SignIn Button is not enabled even after entering valid data in email &amp;amp; password fields expected [true] but found [false]">
      <![CDATA[java.lang.AssertionError: SignIn Button is not enabled even after entering valid data in email & password fields expected [true] but found [false]
at com.io.ims.Pages.LoginPage.verifySignInButtonEnabledStatus(LoginPage.java:152)
at com.io.ims.Pages.LoginPage.loginToApplication(LoginPage.java:98)
at com.io.ims.Pages.LoginPage.loginToCareCoachAccount(LoginPage.java:31)
at com.io.ims.PEPWeb.TestHomePage.TestToVerifyGlobalSearchFunctionalityOfCareCoach(TestHomePage.java:31)
at java.util.concurrent.FutureTask.run(Unknown Source)
at java.util.concurrent.ThreadPoolExecutor.runWorker(Unknown Source)
at java.util.concurrent.ThreadPoolExecutor$Worker.run(Unknown Source)
at java.lang.Thread.run(Unknown Source)
... Removed 19 stack frames]]>
    </failure>
  </testcase> <!-- TestToVerifyGlobalSearchFunctionalityOfCareCoach -->
</testsuite> <!-- Home -->
