<?xml version="1.0" encoding="UTF-8"?>
<!-- Generated by org.testng.reporters.JUnitReportReporter -->
<testsuite skipped="0" hostname="BLRWX10323" name="com.io.ims.PEPWeb.TestHomePage" tests="3" failures="1" timestamp="19 Nov 2019 09:37:55 GMT" time="105.060" errors="0">
  <testcase name="TestToVerifyAllElementsInHomePage" time="3.248" classname="com.io.ims.PEPWeb.TestHomePage"/>
  <testcase name="TestToVerifyAllLinksInHomePage" time="2.317" classname="com.io.ims.PEPWeb.TestHomePage"/>
  <testcase name="TestToVerifyGlobalSearchFunctionalityOfCareCoach" time="99.495" classname="com.io.ims.PEPWeb.TestHomePage">
    <failure type="java.lang.AssertionError" message="Given search String is not displaying in the search results expected [rumatoid arthritissss,dubai,united arab emirates] but found [sss,dubai,]">
      <![CDATA[java.lang.AssertionError: Given search String is not displaying in the search results expected [rumatoid arthritissss,dubai,united arab emirates] but found [sss,dubai,]
at org.testng.Assert.fail(Assert.java:96)
at org.testng.Assert.failNotEquals(Assert.java:776)
at org.testng.Assert.assertEqualsImpl(Assert.java:137)
at org.testng.Assert.assertEquals(Assert.java:118)
at org.testng.Assert.assertEquals(Assert.java:453)
at com.io.ims.Pages.HomePage.verifySearchFunctionalityWithValidData(HomePage.java:514)
at com.io.ims.PEPWeb.TestHomePage.TestToVerifyGlobalSearchFunctionalityOfCareCoach(TestHomePage.java:34)
at sun.reflect.NativeMethodAccessorImpl.invoke0(Native Method)
at sun.reflect.NativeMethodAccessorImpl.invoke(Unknown Source)
at sun.reflect.DelegatingMethodAccessorImpl.invoke(Unknown Source)
at java.lang.reflect.Method.invoke(Unknown Source)
at org.testng.internal.MethodInvocationHelper.invokeMethod(MethodInvocationHelper.java:124)
at org.testng.internal.Invoker.invokeMethod(Invoker.java:583)
at org.testng.internal.Invoker.invokeTestMethod(Invoker.java:719)
at org.testng.internal.Invoker.invokeTestMethods(Invoker.java:989)
at org.testng.internal.TestMethodWorker.invokeTestMethods(TestMethodWorker.java:125)
at org.testng.internal.TestMethodWorker.run(TestMethodWorker.java:109)
at org.testng.TestRunner.privateRun(TestRunner.java:648)
at org.testng.TestRunner.run(TestRunner.java:505)
at org.testng.SuiteRunner.runTest(SuiteRunner.java:455)
at org.testng.SuiteRunner.runSequentially(SuiteRunner.java:450)
at org.testng.SuiteRunner.privateRun(SuiteRunner.java:415)
at org.testng.SuiteRunner.run(SuiteRunner.java:364)
at org.testng.SuiteRunnerWorker.runSuite(SuiteRunnerWorker.java:52)
at org.testng.SuiteRunnerWorker.run(SuiteRunnerWorker.java:84)
at org.testng.TestNG.runSuitesSequentially(TestNG.java:1208)
at org.testng.TestNG.runSuitesLocally(TestNG.java:1137)
at org.testng.TestNG.runSuites(TestNG.java:1049)
at org.testng.TestNG.run(TestNG.java:1017)
at org.testng.remote.AbstractRemoteTestNG.run(AbstractRemoteTestNG.java:114)
at org.testng.remote.RemoteTestNG.initAndRun(RemoteTestNG.java:251)
at org.testng.remote.RemoteTestNG.main(RemoteTestNG.java:77)
]]>
    </failure>
  </testcase> <!-- TestToVerifyGlobalSearchFunctionalityOfCareCoach -->
</testsuite> <!-- com.io.ims.PEPWeb.TestHomePage -->
